\BOOKMARK [1][-]{section.1}{Inledning}{}% 1
\BOOKMARK [2][-]{subsection.1.1}{Bakgrund}{section.1}% 2
\BOOKMARK [2][-]{subsection.1.2}{Relaterat arbete}{section.1}% 3
\BOOKMARK [2][-]{subsection.1.3}{Syfte}{section.1}% 4
\BOOKMARK [2][-]{subsection.1.4}{Frågeställning}{section.1}% 5
\BOOKMARK [1][-]{section.2}{Metod}{}% 6
\BOOKMARK [2][-]{subsection.2.1}{Metodbeskrivning och metoddiskussion}{section.2}% 7
\BOOKMARK [3][-]{subsubsection.2.1.1}{Konstruera ett konceptuellt ramverk}{subsection.2.1}% 8
\BOOKMARK [3][-]{subsubsection.2.1.2}{Utveckla en systemarkitektur}{subsection.2.1}% 9
\BOOKMARK [3][-]{subsubsection.2.1.3}{Konstruera och analysera systemet}{subsection.2.1}% 10
\BOOKMARK [3][-]{subsubsection.2.1.4}{Implementera systemet}{subsection.2.1}% 11
\BOOKMARK [3][-]{subsubsection.2.1.5}{Utvärdera systemet}{subsection.2.1}% 12
\BOOKMARK [2][-]{subsection.2.2}{Intervjuer}{section.2}% 13
\BOOKMARK [2][-]{subsection.2.3}{Kontrollerade experiment}{section.2}% 14
\BOOKMARK [1][-]{section.3}{Resultat}{}% 15
\BOOKMARK [2][-]{subsection.3.1}{Intervjuer}{section.3}% 16
\BOOKMARK [3][-]{subsubsection.3.1.1}{Resurser}{subsection.3.1}% 17
\BOOKMARK [3][-]{subsubsection.3.1.2}{Automatiserade bedömningssystem}{subsection.3.1}% 18
\BOOKMARK [3][-]{subsubsection.3.1.3}{Inlämningsmetod}{subsection.3.1}% 19
\BOOKMARK [3][-]{subsubsection.3.1.4}{Återkoppling}{subsection.3.1}% 20
\BOOKMARK [3][-]{subsubsection.3.1.5}{Plagiering}{subsection.3.1}% 21
\BOOKMARK [2][-]{subsection.3.2}{LEAP}{section.3}% 22
\BOOKMARK [3][-]{subsubsection.3.2.1}{Systemfunktioner}{subsection.3.2}% 23
\BOOKMARK [3][-]{subsubsection.3.2.2}{Systemkomponenter}{subsection.3.2}% 24
\BOOKMARK [3][-]{subsubsection.3.2.3}{Förklarande av systemet vid uppladdning}{subsection.3.2}% 25
\BOOKMARK [3][-]{subsubsection.3.2.4}{Förklarande av systemet vid inlämning}{subsection.3.2}% 26
\BOOKMARK [2][-]{subsection.3.3}{Kontrollerade experiment}{section.3}% 27
\BOOKMARK [3][-]{subsubsection.3.3.1}{Användarupplevelse}{subsection.3.3}% 28
\BOOKMARK [3][-]{subsubsection.3.3.2}{Återkoppling}{subsection.3.3}% 29
\BOOKMARK [3][-]{subsubsection.3.3.3}{Quiz}{subsection.3.3}% 30
\BOOKMARK [3][-]{subsubsection.3.3.4}{Traditionellt eller automatiserat?}{subsection.3.3}% 31
\BOOKMARK [1][-]{section.4}{Analys}{}% 32
\BOOKMARK [1][-]{section.5}{Diskussion}{}% 33
\BOOKMARK [1][-]{section.6}{Slutsatser och vidare forskning}{}% 34
\BOOKMARK [1][-]{section.6}{Referenser}{}% 35
